<?xml version="1.0" encoding="UTF-8"?>
<testng-results skipped="0" failed="0" ignored="1" total="2" passed="1">
  <reporter-output>
  </reporter-output>
  <suite name="Default suite" duration-ms="9738" started-at="2020-10-14T04:55:19Z" finished-at="2020-10-14T04:55:29Z">
    <groups>
    </groups>
    <test name="Default test" duration-ms="9738" started-at="2020-10-14T04:55:19Z" finished-at="2020-10-14T04:55:29Z">
      <class name="com.hrm.testcases.LoginPageTest">
        <test-method status="PASS" signature="setUp()[pri:0, instance:com.hrm.testcases.LoginPageTest@6325a3ee]" name="setUp" is-config="true" duration-ms="8956" started-at="2020-10-14T04:55:19Z" finished-at="2020-10-14T04:55:28Z">
          <reporter-output>
          </reporter-output>
        </test-method> <!-- setUp -->
        <test-method status="PASS" signature="validateHrmLogo()[pri:1, instance:com.hrm.testcases.LoginPageTest@6325a3ee]" name="validateHrmLogo" duration-ms="96" started-at="2020-10-14T04:55:28Z" finished-at="2020-10-14T04:55:28Z">
          <reporter-output>
          </reporter-output>
        </test-method> <!-- validateHrmLogo -->
        <test-method status="PASS" signature="tearDown()[pri:0, instance:com.hrm.testcases.LoginPageTest@6325a3ee]" name="tearDown" is-config="true" duration-ms="650" started-at="2020-10-14T04:55:28Z" finished-at="2020-10-14T04:55:29Z">
          <reporter-output>
          </reporter-output>
        </test-method> <!-- tearDown -->
      </class> <!-- com.hrm.testcases.LoginPageTest -->
    </test> <!-- Default test -->
  </suite> <!-- Default suite -->
</testng-results>
